2026-03-02 12:38:14,436 - main.py[line:36] - INFO: Log directory setup success: log/exp_log/ablation/ablation_bsa_presort_ml_v1.log
2026-03-02 12:38:14,436 - main.py[line:42] - INFO: trainer_type: HSTUBaseTrainer
2026-03-02 12:38:14,437 - hstu_base_trainer.py[line:80] - INFO: self.FLAGS.model: HSTU_bsa_pretrain_interleave
2026-03-02 12:38:15,361 - hstu_base_trainer.py[line:122] - INFO: mode: train_presort
2026-03-02 12:38:16,162 - hstu_base_trainer.py[line:667] - INFO: dataset.max_item_id: 3952
2026-03-02 12:38:16,162 - hstu_base_trainer.py[line:684] - INFO: train_dataloader_num: 95
2026-03-02 12:38:16,162 - hstu_base_trainer.py[line:685] - INFO: eval_dataloader_num: 95
2026-03-02 12:38:16,163 - hstu_base_trainer.py[line:128] - INFO: self.model_cls: <class 'model.HSTU_bsa_pretrain_interleave.HSTU'>
2026-03-02 12:38:16,361 - hstu_base_trainer.py[line:134] - INFO: Total Parameters: 224954
2026-03-02 12:38:16,361 - hstu_base_trainer.py[line:135] - INFO: Trainable Parameters: 224954
2026-03-02 12:38:16,375 - hstu_base_trainer.py[line:577] - INFO: model structure: HSTU(
  (_input_features_preproc): CombinedItemAndRatingInputFeaturesPreprocessorV2(
    (_pos_emb): Embedding(402, 64)
    (_iasig_emb): Embedding(2, 64)
    (_emb_dropout): Dropout(p=0.2, inplace=False)
    (_rating_emb): Embedding(4, 64)
  )
  (_output_postproc): LayerNormEmbeddingPostprocessor()
  (_hstu): HSTUJagged(
    (_attention_layers): ModuleList(
      (0-7): 8 x SequentialTransductionUnitJagged(
        (_rel_attn_bias): RelativeBucketedTimeAndPositionBasedBias()
        (_gate_model): GateModel(
          (mlp1): Linear(in_features=32, out_features=64, bias=True)
          (atv1): ReLU()
          (mlp2): Linear(in_features=64, out_features=3, bias=True)
          (atv2): Sigmoid()
        )
        (_o): Linear(in_features=64, out_features=64, bias=True)
      )
    )
  )
  (main_tower): MainTowerMLP(
    (mlp): Sequential(
      (linear_0): Linear(in_features=64, out_features=128, bias=True)
      (relu_0): ReLU()
      (linear_1): Linear(in_features=128, out_features=2, bias=True)
    )
  )
)
2026-03-02 12:38:16,376 - hstu_base_trainer.py[line:592] - INFO: num_epochs: 100, current: 0
2026-03-02 12:38:25,768 - hstu_base_trainer.py[line:600] - INFO: batch: 0
2026-03-02 12:38:27,735 - hstu_base_trainer.py[line:600] - INFO: batch: 1
2026-03-02 12:38:28,407 - hstu_base_trainer.py[line:600] - INFO: batch: 2
2026-03-02 12:38:29,081 - hstu_base_trainer.py[line:600] - INFO: batch: 3
2026-03-02 12:38:29,788 - hstu_base_trainer.py[line:600] - INFO: batch: 4
2026-03-02 12:38:30,458 - hstu_base_trainer.py[line:600] - INFO: batch: 5
2026-03-02 12:38:31,171 - hstu_base_trainer.py[line:600] - INFO: batch: 6
2026-03-02 12:38:31,835 - hstu_base_trainer.py[line:600] - INFO: batch: 7
2026-03-02 12:38:32,509 - hstu_base_trainer.py[line:600] - INFO: batch: 8
2026-03-02 12:38:33,180 - hstu_base_trainer.py[line:600] - INFO: batch: 9
2026-03-02 12:38:33,847 - hstu_base_trainer.py[line:600] - INFO: batch: 10
2026-03-02 12:38:34,516 - hstu_base_trainer.py[line:600] - INFO: batch: 11
2026-03-02 12:38:35,192 - hstu_base_trainer.py[line:600] - INFO: batch: 12
2026-03-02 12:38:35,870 - hstu_base_trainer.py[line:600] - INFO: batch: 13
2026-03-02 12:38:36,547 - hstu_base_trainer.py[line:600] - INFO: batch: 14
2026-03-02 12:38:37,234 - hstu_base_trainer.py[line:600] - INFO: batch: 15
2026-03-02 12:38:37,925 - hstu_base_trainer.py[line:600] - INFO: batch: 16
2026-03-02 12:38:38,613 - hstu_base_trainer.py[line:600] - INFO: batch: 17
2026-03-02 12:38:39,303 - hstu_base_trainer.py[line:600] - INFO: batch: 18
2026-03-02 12:38:39,987 - hstu_base_trainer.py[line:600] - INFO: batch: 19
2026-03-02 12:38:40,677 - hstu_base_trainer.py[line:600] - INFO: batch: 20
2026-03-02 12:38:41,361 - hstu_base_trainer.py[line:600] - INFO: batch: 21
2026-03-02 12:38:42,049 - hstu_base_trainer.py[line:600] - INFO: batch: 22
2026-03-02 12:38:42,733 - hstu_base_trainer.py[line:600] - INFO: batch: 23
2026-03-02 12:38:43,422 - hstu_base_trainer.py[line:600] - INFO: batch: 24
2026-03-02 12:38:44,095 - hstu_base_trainer.py[line:600] - INFO: batch: 25
2026-03-02 12:38:44,771 - hstu_base_trainer.py[line:600] - INFO: batch: 26
2026-03-02 12:38:45,458 - hstu_base_trainer.py[line:600] - INFO: batch: 27
2026-03-02 12:38:46,141 - hstu_base_trainer.py[line:600] - INFO: batch: 28
2026-03-02 12:38:46,850 - hstu_base_trainer.py[line:600] - INFO: batch: 29
2026-03-02 12:38:47,526 - hstu_base_trainer.py[line:600] - INFO: batch: 30
2026-03-02 12:38:48,204 - hstu_base_trainer.py[line:600] - INFO: batch: 31
2026-03-02 12:38:48,883 - hstu_base_trainer.py[line:600] - INFO: batch: 32
2026-03-02 12:38:49,594 - hstu_base_trainer.py[line:600] - INFO: batch: 33
2026-03-02 12:38:50,276 - hstu_base_trainer.py[line:600] - INFO: batch: 34
2026-03-02 12:38:50,946 - hstu_base_trainer.py[line:600] - INFO: batch: 35
2026-03-02 12:38:51,633 - hstu_base_trainer.py[line:600] - INFO: batch: 36
2026-03-02 12:38:52,312 - hstu_base_trainer.py[line:600] - INFO: batch: 37
2026-03-02 12:38:52,998 - hstu_base_trainer.py[line:600] - INFO: batch: 38
2026-03-02 12:38:53,686 - hstu_base_trainer.py[line:600] - INFO: batch: 39
2026-03-02 12:38:54,384 - hstu_base_trainer.py[line:600] - INFO: batch: 40
2026-03-02 12:38:55,074 - hstu_base_trainer.py[line:600] - INFO: batch: 41
2026-03-02 12:38:55,770 - hstu_base_trainer.py[line:600] - INFO: batch: 42
2026-03-02 12:38:56,460 - hstu_base_trainer.py[line:600] - INFO: batch: 43
2026-03-02 12:38:57,145 - hstu_base_trainer.py[line:600] - INFO: batch: 44
2026-03-02 12:38:57,830 - hstu_base_trainer.py[line:600] - INFO: batch: 45
2026-03-02 12:38:58,512 - hstu_base_trainer.py[line:600] - INFO: batch: 46
2026-03-02 12:38:59,206 - hstu_base_trainer.py[line:600] - INFO: batch: 47
2026-03-02 12:38:59,900 - hstu_base_trainer.py[line:600] - INFO: batch: 48
2026-03-02 12:39:00,587 - hstu_base_trainer.py[line:600] - INFO: batch: 49
2026-03-02 12:39:01,285 - hstu_base_trainer.py[line:600] - INFO: batch: 50
2026-03-02 12:39:01,978 - hstu_base_trainer.py[line:600] - INFO: batch: 51
2026-03-02 12:39:02,683 - hstu_base_trainer.py[line:600] - INFO: batch: 52
2026-03-02 12:39:03,370 - hstu_base_trainer.py[line:600] - INFO: batch: 53
2026-03-02 12:39:04,067 - hstu_base_trainer.py[line:600] - INFO: batch: 54
2026-03-02 12:39:04,763 - hstu_base_trainer.py[line:600] - INFO: batch: 55
2026-03-02 12:39:05,478 - hstu_base_trainer.py[line:600] - INFO: batch: 56
2026-03-02 12:39:06,165 - hstu_base_trainer.py[line:600] - INFO: batch: 57
2026-03-02 12:39:06,845 - hstu_base_trainer.py[line:600] - INFO: batch: 58
2026-03-02 12:39:07,541 - hstu_base_trainer.py[line:600] - INFO: batch: 59
2026-03-02 12:39:08,228 - hstu_base_trainer.py[line:600] - INFO: batch: 60
2026-03-02 12:39:08,927 - hstu_base_trainer.py[line:600] - INFO: batch: 61
2026-03-02 12:39:09,612 - hstu_base_trainer.py[line:600] - INFO: batch: 62
2026-03-02 12:39:10,308 - hstu_base_trainer.py[line:600] - INFO: batch: 63
2026-03-02 12:39:10,998 - hstu_base_trainer.py[line:600] - INFO: batch: 64
2026-03-02 12:39:11,686 - hstu_base_trainer.py[line:600] - INFO: batch: 65
2026-03-02 12:39:12,385 - hstu_base_trainer.py[line:600] - INFO: batch: 66
2026-03-02 12:39:13,074 - hstu_base_trainer.py[line:600] - INFO: batch: 67
2026-03-02 12:39:13,766 - hstu_base_trainer.py[line:600] - INFO: batch: 68
2026-03-02 12:39:14,453 - hstu_base_trainer.py[line:600] - INFO: batch: 69
2026-03-02 12:39:15,138 - hstu_base_trainer.py[line:600] - INFO: batch: 70
2026-03-02 12:39:15,849 - hstu_base_trainer.py[line:600] - INFO: batch: 71
2026-03-02 12:39:16,543 - hstu_base_trainer.py[line:600] - INFO: batch: 72
2026-03-02 12:39:17,236 - hstu_base_trainer.py[line:600] - INFO: batch: 73
2026-03-02 12:39:17,918 - hstu_base_trainer.py[line:600] - INFO: batch: 74
2026-03-02 12:39:18,601 - hstu_base_trainer.py[line:600] - INFO: batch: 75
2026-03-02 12:39:19,294 - hstu_base_trainer.py[line:600] - INFO: batch: 76
2026-03-02 12:39:19,979 - hstu_base_trainer.py[line:600] - INFO: batch: 77
2026-03-02 12:39:20,684 - hstu_base_trainer.py[line:600] - INFO: batch: 78
2026-03-02 12:39:21,367 - hstu_base_trainer.py[line:600] - INFO: batch: 79
2026-03-02 12:39:22,061 - hstu_base_trainer.py[line:600] - INFO: batch: 80
